54 [15928] INFO perfrun.launcher <> - Launcher main begin
59 [15928] INFO perfrun.launcher <> - MessageCatalogInit finished
59 [15928] INFO perfrun.launcher <> - Launcher instance created
59 [15928] INFO perfrun.launcher <> - argc = 7; cmdline = C:\Program Files (x86)\Intel\oneAPI\vtune\2025.0\bin64\amplxe-runss.exe --ui-output-format xml --ui-output-fd 1164 --option-file C:\devel\MissionControlSystem\MCS\r002hs\config\runss.options 
75 [15928] INFO perfrun.launcher <> - New signal handler callback was added
145 [15928] INFO perfrun.perfcollector <> - SEP tool path: C:\Program Files (x86)\Intel\oneAPI\vtune\2025.0\bin64\sep.exe
228 [15928] INFO perfrun.launcher <> - create msngr2::ICliToolContext
228 [15928] INFO perfrun.launcher <> - create file finder object
228 [15928] INFO perfrun.launcher <> - create a result directory: pattern = C:\devel\MissionControlSystem\MCS\r002hs pid = 4294967295
234 [15928] INFO perfrun.launcher <> - create data directory = C:\devel\MissionControlSystem\MCS\r002hs\data.0
236 [15928] INFO perfrun.launcher <> - Creating the master collection flag
246 [15928] INFO perfrun.launcher <> - Done creating the master collection flag
249 [17204] INFO perfrun.launcher <> - plugin [remoteplug] was disabled because it doesn't support the given collection type.
250 [17204] INFO perfrun.sdk <> - Allocating TMU :C:\devel\MissionControlSystem\MCS\r002hs\data.0\systemcollector-21360-marte.sc
250 [17204] INFO perfrun.launcher <> - plugin [] was disabled because it doesn't support the given collection type.
252 [17204] INFO perfrun.launcher <> - plugin [] was disabled because it doesn't support the given collection type.
252 [17204] INFO perfrun.launcher <> - plugin [gpu] was disabled because it doesn't support the given collection type.
252 [17204] INFO perfrun.launcher <> - plugin [etw.kernel] was disabled because it doesn't support the given collection type.
252 [17204] INFO perfrun.launcher <> - plugin [etw.dx] was disabled because it doesn't support the given collection type.
252 [17204] INFO perfrun.launcher <> - plugin [etw.wsa] was disabled because it doesn't support the given collection type.
252 [17204] INFO perfrun.mrte <> - system-wide mode is 0
252 [17204] INFO perfrun.mrte <> - Getting  mrte profiling environment ...
286 [17204] INFO perfrun.mrte <> - INTEL_MRTE_DATA_DIR=C:\devel\MissionControlSystem\MCS\r002hs\data.0
286 [17204] INFO perfrun.mrte <> - INTEL_MRTE_HOST_NAME=marte
286 [17204] INFO perfrun.mrte <> - JAVA_TOOL_OPTIONS=-agentlib:amplxe_samplingmrte_javaprof_1.0
286 [17204] INFO perfrun.mrte <> - PATH=C:\Program Files (x86)\Intel\oneAPI\vtune\2025.0\bin32\runtime;C:\Program Files (x86)\Intel\oneAPI\vtune\2025.0\bin64\runtime;C:\devel\VulkanSDK\Bin;C:\Windows\system32;C:\Windows;C:\Windows\System32\Wbem;C:\Windows\System32\WindowsPowerShell\v1.0\;C:\Windows\System32\OpenSSH\;C:\Program Files (x86)\Windows Kits\10\Windows Performance Toolkit\;C:\Program Files\Git\cmd;C:\devel\glfw\lib-vc2022;C:\devel\focus-editor;C:\devel\OpenJDK\bin;C:\Program Files\dotnet\;C:\devel\OpenJDK\maven\bin;C:\devel\ols;C:\devel\Odin;C:\Program Files\Neovim\bin;C:\Program Files\Neovide\;C:\Users\sasch\.cargo\bin;C:\Users\sasch\AppData\Local\Microsoft\WindowsApps;C:\Users\sasch\.dotnet\tools;C:\Users\sasch\AppData\Local\Programs\Microsoft VS Code\bin
286 [17204] INFO perfrun.mrte <> - COR_ENABLE_PROFILING=1
286 [17204] INFO perfrun.mrte <> - COR_PROFILER={AA5E4821-E3B1-479c-B7FF-5AD047D22CED}
286 [17204] INFO perfrun.mrte <> - COMPLUS_ProfAPI_ProfilerCompatibilitySetting=EnableV2Profiler
286 [17204] INFO perfrun.mrte <> - CORECLR_ENABLE_PROFILING=1
286 [17204] INFO perfrun.mrte <> - CORECLR_PROFILER={AA5E4821-E3B1-479c-B7FF-5AD047D22CED}
286 [17204] INFO perfrun.mrte <> - CORECLR_PROFILER_PATH=C:\Program Files (x86)\Intel\oneAPI\vtune\2025.0\bin64/amplxe_samplingmrte_clrprof_1.0.dll
286 [17204] INFO perfrun.mrte <> - INTEL_MRTE_PROFILER_MODE=mixed
286 [17204] INFO perfrun.mrte <> - Data directory: C:\devel\MissionControlSystem\MCS\r002hs\data.0
286 [17204] INFO perfrun.mrte <> - Mrte plugin is initialized
286 [17204] INFO perfrun.launcher <> - plugin [emon] was disabled because it doesn't support the given collection type.
286 [17204] INFO perfrun.launcher <> - plugin [cuscol] was disabled because it doesn't support the given collection type.
286 [17204] INFO perfrun.launcher <> - plugin [stdsrc] was disabled because it doesn't support the given collection type.
286 [17204] INFO perfrun.launcher <> - plugin [sep] was disabled because it doesn't support the given collection type.
286 [17204] INFO perfrun.launcher <> - plugin [vtsspp] was disabled because it doesn't support the given collection type.
286 [17204] INFO perfrun.launcher <> - plugin [perf] was disabled because it doesn't support the given collection type.
286 [17204] INFO perfrun.launcher <> - plugin [aoclprofile] was disabled because it doesn't support the given collection type.
286 [17204] INFO perfrun.tpss <> - initialize tpss controller
286 [17204] INFO perfrun.tpss <> - configure collection mode: value = cpu:counters:nostack
286 [17204] INFO perfrun.tpss <> - configure collection mode: value = cpu:stack
286 [17204] INFO perfrun.tpss <> - default obj-size-min=1024
286 [17204] INFO perfrun.tpss <> - default hash-table-size=0
286 [17204] INFO perfrun.launcher <> - plugin [] was disabled because it doesn't support the given collection type.
286 [17204] INFO perfrun.launcher <> - plugin [] was disabled because it doesn't support the given collection type.
286 [17204] INFO perfrun.launcher <> - plugin [] was disabled because it doesn't support the given collection type.
286 [17204] INFO perfrun.launcher <> - plugin [] was disabled because it doesn't support the given collection type.
286 [17204] INFO perfrun.launcher <> - plugin [power] was disabled because it doesn't support the given collection type.
286 [17204] INFO perfrun.launcher <> - plugin [] was disabled because it doesn't support the given collection type.
286 [17204] INFO perfrun.launcher <> - plugin [ipmwatch] was disabled because it doesn't support the given collection type.
286 [17204] INFO perfrun.launcher <> - plugin [os_counters] was disabled because it doesn't support the given collection type.
286 [17204] INFO perfrun.launcher <> - plugin [l0_metrics] was disabled because it doesn't support the given collection type.
286 [15928] INFO perfrun.launcher <> - set environment variable: PATH = C:\Program Files (x86)\Intel\oneAPI\vtune\2025.0\bin32\runtime;C:\Program Files (x86)\Intel\oneAPI\vtune\2025.0\bin64\runtime;C:\devel\VulkanSDK\Bin;C:\Windows\system32;C:\Windows;C:\Windows\System32\Wbem;C:\Windows\System32\WindowsPowerShell\v1.0\;C:\Windows\System32\OpenSSH\;C:\Program Files (x86)\Windows Kits\10\Windows Performance Toolkit\;C:\Program Files\Git\cmd;C:\devel\glfw\lib-vc2022;C:\devel\focus-editor;C:\devel\OpenJDK\bin;C:\Program Files\dotnet\;C:\devel\OpenJDK\maven\bin;C:\devel\ols;C:\devel\Odin;C:\Program Files\Neovim\bin;C:\Program Files\Neovide\;C:\Users\sasch\.cargo\bin;C:\Users\sasch\AppData\Local\Microsoft\WindowsApps;C:\Users\sasch\.dotnet\tools;C:\Users\sasch\AppData\Local\Programs\Microsoft VS Code\bin
287 [15928] INFO perfrun.launcher <> - set environment variable: INTEL_LIBITTNOTIFY32 = C:\Program Files (x86)\Intel\oneAPI\vtune\2025.0\bin32\runtime\ittnotify_collector.dll
287 [15928] INFO perfrun.launcher <> - set environment variable: INTEL_LIBITTNOTIFY64 = C:\Program Files (x86)\Intel\oneAPI\vtune\2025.0\bin64\runtime\ittnotify_collector.dll
287 [15928] INFO perfrun.launcher <> - set environment variable: INTEL_ITTNOTIFY_GROUPS = 
287 [15928] INFO perfrun.launcher <> - set environment variable: INTEL_JIT_PROFILER32 = C:\Program Files (x86)\Intel\oneAPI\vtune\2025.0\bin32\runtime\ittnotify_collector.dll
287 [15928] INFO perfrun.launcher <> - set environment variable: INTEL_JIT_PROFILER64 = C:\Program Files (x86)\Intel\oneAPI\vtune\2025.0\bin64\runtime\ittnotify_collector.dll
287 [15928] INFO perfrun.launcher <> - set environment variable: CCL_ITT_LEVEL = 1
287 [15928] INFO perfrun.launcher <> - set environment variable: ENABLE_JITPROFILING = 1
287 [15928] INFO perfrun.launcher <> - set environment variable: CL_CONFIG_USE_VTUNE = True
287 [15928] INFO perfrun.launcher <> - set environment variable: KMP_FORKJOIN_FRAMES = 0
287 [15928] INFO perfrun.launcher <> - set environment variable: KMP_FORKJOIN_FRAMES_MODE = 0
287 [15928] INFO perfrun.launcher <> - set environment variable: INTEL_MRTE_DATA_DIR = C:\devel\MissionControlSystem\MCS\r002hs\data.0
287 [15928] INFO perfrun.launcher <> - set environment variable: INTEL_MRTE_HOST_NAME = marte
287 [15928] INFO perfrun.launcher <> - set environment variable: JAVA_TOOL_OPTIONS = -agentlib:amplxe_samplingmrte_javaprof_1.0
287 [15928] INFO perfrun.launcher <> - set environment variable: PATH = C:\Program Files (x86)\Intel\oneAPI\vtune\2025.0\bin32\runtime;C:\Program Files (x86)\Intel\oneAPI\vtune\2025.0\bin64\runtime;C:\devel\VulkanSDK\Bin;C:\Windows\system32;C:\Windows;C:\Windows\System32\Wbem;C:\Windows\System32\WindowsPowerShell\v1.0\;C:\Windows\System32\OpenSSH\;C:\Program Files (x86)\Windows Kits\10\Windows Performance Toolkit\;C:\Program Files\Git\cmd;C:\devel\glfw\lib-vc2022;C:\devel\focus-editor;C:\devel\OpenJDK\bin;C:\Program Files\dotnet\;C:\devel\OpenJDK\maven\bin;C:\devel\ols;C:\devel\Odin;C:\Program Files\Neovim\bin;C:\Program Files\Neovide\;C:\Users\sasch\.cargo\bin;C:\Users\sasch\AppData\Local\Microsoft\WindowsApps;C:\Users\sasch\.dotnet\tools;C:\Users\sasch\AppData\Local\Programs\Microsoft VS Code\bin
287 [15928] INFO perfrun.launcher <> - set environment variable: COR_ENABLE_PROFILING = 1
287 [15928] INFO perfrun.launcher <> - set environment variable: COR_PROFILER = {AA5E4821-E3B1-479c-B7FF-5AD047D22CED}
287 [15928] INFO perfrun.launcher <> - set environment variable: COMPLUS_ProfAPI_ProfilerCompatibilitySetting = EnableV2Profiler
287 [15928] INFO perfrun.launcher <> - set environment variable: CORECLR_ENABLE_PROFILING = 1
287 [15928] INFO perfrun.launcher <> - set environment variable: CORECLR_PROFILER = {AA5E4821-E3B1-479c-B7FF-5AD047D22CED}
287 [15928] INFO perfrun.launcher <> - set environment variable: CORECLR_PROFILER_PATH = C:\Program Files (x86)\Intel\oneAPI\vtune\2025.0\bin64/amplxe_samplingmrte_clrprof_1.0.dll
288 [15928] INFO perfrun.launcher <> - set environment variable: INTEL_MRTE_PROFILER_MODE = mixed
288 [15928] INFO perfrun.launcher <> - RpcServer: run RPC server to handle requests
310 [15928] INFO perfrun.sdk <> - IProcessUtil: the given executable 'C:\devel\MissionControlSystem\code\code.exe' is valid.
310 [15928] INFO perfrun.launcher <> - Launcher: command line to start before modification = C:\devel\MissionControlSystem\code\code.exe
313 [15928] INFO perfrun.launcher <> - Launcher: command line to start after modification = C:\Program Files (x86)\Intel\oneAPI\vtune\2025.0\bin64\pin.exe -error_file C:\devel\MissionControlSystem\MCS\r002hs\data.0\pinerr.tpsslog -detach_reattach -probe -follow_execv -p32 C:\Program Files (x86)\Intel\oneAPI\vtune\2025.0\bin32\pin.exe -p64 C:\Program Files (x86)\Intel\oneAPI\vtune\2025.0\bin64\pin.exe -t64 C:\Program Files (x86)\Intel\oneAPI\vtune\2025.0\bin64\tpsstool.dll -t C:\Program Files (x86)\Intel\oneAPI\vtune\2025.0\bin32\tpsstool.dll -server_name tpss_ipc.21360 -prd_dir C:\Program Files (x86)\Intel\oneAPI\vtune\2025.0 -- C:\devel\MissionControlSystem\code\code.exe
313 [15928] INFO perfrun.launcher <> - ProcessCreator object was created
316 [15928] INFO perfrun.launcher <> - Launcher: the process was started in suspend mode
317 [17204] INFO perfrun.itt <> - start itt controller for pid #9924
318 [17204] INFO perfrun.tpss <> - start tpss controller for pid #9924
376 [15928] INFO perfrun.launcher <> - Launcher: all plugins were started
376 [15928] INFO perfrun.launcher <> - DirectoryMonitor object was created
376 [15928] INFO perfrun.launcher <> - DirectoryMonitor: a callback was added
376 [15928] INFO perfrun.launcher <> - DirectoryMonitor was started with pingTime = 1000
376 [15928] INFO perfrun.launcher <> - DeadlineTimer is going to be constructed
376 [15928] INFO perfrun.launcher <> - DeadlineTimer: a callback was added
394 [15928] INFO perfrun.launcher <> - Launcher: resume the profiled application and  wait its termination or stop command
40098 [15928] INFO perfrun.launcher <> - Launcher: the profiled application was terminated  with exit code = 0
40126 [17204] INFO perfrun.itt <> - detach itt controller
40126 [17204] INFO perfrun.itt <> - detach itt controller done
40126 [17204] INFO perfrun.tpss <> - stop tpss controller
40128 [17204] INFO perfrun.sdk <> - De-allocating TMU: C:\devel\MissionControlSystem\MCS\r002hs\data.0\systemcollector-21360-marte.sc
40154 [17204] INFO perfrun.system <> - closed the system trace file: C:\devel\MissionControlSystem\MCS\r002hs\data.0\systemcollector-21360-marte.sc
40155 [15928] INFO perfrun.launcher <> - Launcher: all plugins were stopped.
40155 [15928] INFO perfrun.launcher <> - DeadlineTimer is going to be destroyed
40159 [15928] INFO perfrun.launcher <> - DeadlineTimer was destroyed
40159 [15928] INFO perfrun.launcher <> - DirectoryMonitor object was destroyed
40159 [15928] WARN perfrun.launcher <> - Stop command is ignored because it is received when collection is already stopped, at file: vcs\perfrun1\launcher\src\command_handler.cpp:226
40163 [15928] INFO perfrun.launcher <> - Application exit code: 0
40163 [15928] INFO perfrun.launcher <> - Exit code: 0
